{"level":"\u001b[33mwarn\u001b[39m","message":"66c38af438d19c94cac35dc4 not found for event receiveFriendRequest","timestamp":"2024-08-19T18:32:52.719Z"}
{"level":"\u001b[32minfo\u001b[39m","message":"{\"method\":\"POST\",\"url\":\"/api/friends/sendFriendRequest\",\"status\":\"200\",\"responseTime\":\"64.416\"}","timestamp":"2024-08-19T18:32:52.726Z"}
{"level":"\u001b[32minfo\u001b[39m","message":"aasif joined the socket!","timestamp":"2024-08-19T18:33:12.542Z"}
{"level":"\u001b[32minfo\u001b[39m","message":"Shri123 joined the socket!","timestamp":"2024-08-19T18:33:15.309Z"}
{"level":"\u001b[33mwarn\u001b[39m","message":"66c38af438d19c94cac35dc4 not found for event receiveFriendRequest","timestamp":"2024-08-19T18:33:18.481Z"}
{"level":"\u001b[32minfo\u001b[39m","message":"{\"method\":\"POST\",\"url\":\"/api/friends/sendFriendRequest\",\"status\":\"200\",\"responseTime\":\"47.249\"}","timestamp":"2024-08-19T18:33:18.482Z"}
{"level":"\u001b[32minfo\u001b[39m","message":"aasif disconnected","timestamp":"2024-08-19T18:33:56.363Z"}
{"level":"\u001b[32minfo\u001b[39m","message":"aasif joined the socket!","timestamp":"2024-08-19T18:34:01.423Z"}
{"level":"\u001b[32minfo\u001b[39m","message":"Shri123 disconnected","timestamp":"2024-08-19T18:34:11.850Z"}
{"level":"\u001b[32minfo\u001b[39m","message":"Shri123 joined the socket!","timestamp":"2024-08-19T18:34:12.591Z"}
{"level":"\u001b[32minfo\u001b[39m","message":"aasif joined the socket!","timestamp":"2024-08-19T18:36:30.534Z"}
{"level":"\u001b[32minfo\u001b[39m","message":"Shri123 joined the socket!","timestamp":"2024-08-19T18:36:32.664Z"}
{"level":"\u001b[33mwarn\u001b[39m","message":"66c38af438d19c94cac35dc4 not found for event receiveFriendRequest","timestamp":"2024-08-19T18:36:46.914Z"}
{"level":"\u001b[32minfo\u001b[39m","message":"{\"method\":\"POST\",\"url\":\"/api/friends/sendFriendRequest\",\"status\":\"200\",\"responseTime\":\"52.000\"}","timestamp":"2024-08-19T18:36:46.917Z"}
{"level":"\u001b[32minfo\u001b[39m","message":"{\"method\":\"POST\",\"url\":\"/api/auth/signUp\",\"status\":\"201\",\"responseTime\":\"101.047\"}","timestamp":"2024-08-21T10:46:50.554Z"}
{"level":"\u001b[32minfo\u001b[39m","message":"{\"method\":\"POST\",\"url\":\"/api/auth/signUp\",\"status\":\"400\",\"responseTime\":\"19.141\"}","timestamp":"2024-08-21T10:48:02.547Z"}
{"level":"\u001b[32minfo\u001b[39m","message":"{\"method\":\"POST\",\"url\":\"/api/auth/signUp\",\"status\":\"201\",\"responseTime\":\"770.818\"}","timestamp":"2024-08-21T10:48:36.506Z"}
{"level":"\u001b[32minfo\u001b[39m","message":"{\"method\":\"GET\",\"url\":\"/api/chat/getMessages?limit=20&page=1&friendId=66c5c604761bba1d607bc6e2\",\"status\":\"500\",\"responseTime\":\"104.312\"}","timestamp":"2024-08-21T11:04:24.268Z"}
{"level":"\u001b[32minfo\u001b[39m","message":"{\"method\":\"GET\",\"url\":\"/api/chat/getMessages?limit=20&page=1&friendId=66c5c604761bba1d607bc6e2\",\"status\":\"500\",\"responseTime\":\"11.377\"}","timestamp":"2024-08-21T11:05:29.188Z"}
{"level":"\u001b[32minfo\u001b[39m","message":"{\"method\":\"GET\",\"url\":\"/api/chat/getMessages?limit=20&page=1&friendId=66c5c604761bba1d607bc6e2\",\"status\":\"500\",\"responseTime\":\"14.519\"}","timestamp":"2024-08-21T11:05:37.320Z"}
